[    0.000000] Initializing cgroup subsys cpuset
[    0.000000] Initializing cgroup subsys cpu
[    0.000000] Initializing cgroup subsys cpuacct
[    0.000000] Linux version 4.4.0-190-generic (buildd@lcy01-amd64-026) (gcc version 5.4.0 20160609 (Ubuntu 5.4.0-6ubuntu1~16.04.12) ) #220-Ubuntu SMP Fri Aug 28 23:02:15 UTC 2020 (Ubuntu 4.4.0-190.220-generic 4.4.233)
[    0.000000] Command line: BOOT_IMAGE=/boot/vmlinuz-4.4.0-190-generic root=LABEL=cloudimg-rootfs ro console=tty1 console=ttyS0
[    0.000000] KERNEL supported cpus:
[    0.000000]   Intel GenuineIntel
[    0.000000]   AMD AuthenticAMD
[    0.000000]   Centaur CentaurHauls
[    0.000000] x86/fpu: xstate_offset[2]:  576, xstate_sizes[2]:  256
[    0.000000] x86/fpu: Supporting XSAVE feature 0x01: 'x87 floating point registers'
[    0.000000] x86/fpu: Supporting XSAVE feature 0x02: 'SSE registers'
[    0.000000] x86/fpu: Supporting XSAVE feature 0x04: 'AVX registers'
[    0.000000] x86/fpu: Enabled xstate features 0x7, context size is 832 bytes, using 'standard' format.
[    0.000000] e820: BIOS-provided physical RAM map:
[    0.000000] BIOS-e820: [mem 0x0000000000000000-0x000000000009fbff] usable
[    0.000000] BIOS-e820: [mem 0x000000000009fc00-0x000000000009ffff] reserved
[    0.000000] BIOS-e820: [mem 0x00000000000f0000-0x00000000000fffff] reserved
[    0.000000] BIOS-e820: [mem 0x0000000000100000-0x000000003ffeffff] usable
[    0.000000] BIOS-e820: [mem 0x000000003fff0000-0x000000003fffffff] ACPI data
[    0.000000] BIOS-e820: [mem 0x00000000fec00000-0x00000000fec00fff] reserved
[    0.000000] BIOS-e820: [mem 0x00000000fee00000-0x00000000fee00fff] reserved
[    0.000000] BIOS-e820: [mem 0x00000000fffc0000-0x00000000ffffffff] reserved
[    0.000000] NX (Execute Disable) protection: active
[    0.000000] SMBIOS 2.5 present.
[    0.000000] Hypervisor detected: KVM
[    0.000000] e820: last_pfn = 0x3fff0 max_arch_pfn = 0x400000000
[    0.000000] MTRR: Disabled
[    0.000000] x86/PAT: MTRRs disabled, skipping PAT initialization too.
[    0.000000] CPU MTRRs all blank - virtualized system.
[    0.000000] x86/PAT: Configuration [0-7]: WB  WT  UC- UC  WB  WT  UC- UC  
[    0.000000] found SMP MP-table at [mem 0x0009fff0-0x0009ffff] mapped at [ffff88000009fff0]
[    0.000000] Scanning 1 areas for low memory corruption
[    0.000000] RAMDISK: [mem 0x362e0000-0x37167fff]
[    0.000000] ACPI: Early table checksum verification disabled
[    0.000000] ACPI: RSDP 0x00000000000E0000 000024 (v02 VBOX  )
[    0.000000] ACPI: XSDT 0x000000003FFF0030 00003C (v01 VBOX   VBOXXSDT 00000001 ASL  00000061)
[    0.000000] ACPI: FACP 0x000000003FFF00F0 0000F4 (v04 VBOX   VBOXFACP 00000001 ASL  00000061)
[    0.000000] ACPI: DSDT 0x000000003FFF0470 002325 (v02 VBOX   VBOXBIOS 00000002 INTL 20100528)
[    0.000000] ACPI: FACS 0x000000003FFF0200 000040
[    0.000000] ACPI: FACS 0x000000003FFF0200 000040
[    0.000000] ACPI: APIC 0x000000003FFF0240 00005C (v02 VBOX   VBOXAPIC 00000001 ASL  00000061)
[    0.000000] ACPI: SSDT 0x000000003FFF02A0 0001CC (v01 VBOX   VBOXCPUT 00000002 INTL 20100528)
[    0.000000] No NUMA configuration found
[    0.000000] Faking a node at [mem 0x0000000000000000-0x000000003ffeffff]
[    0.000000] NODE_DATA(0) allocated [mem 0x3ffeb000-0x3ffeffff]
[    0.000000] kvm-clock: Using msrs 4b564d01 and 4b564d00
[    0.000000] kvm-clock: cpu 0, msr 0:3ffe3001, primary cpu clock
[    0.000000] kvm-clock: using sched offset of 4657090108 cycles
[    0.000000] clocksource: kvm-clock: mask: 0xffffffffffffffff max_cycles: 0x1cd42e4dffb, max_idle_ns: 881590591483 ns
[    0.000000] Zone ranges:
[    0.000000]   DMA      [mem 0x0000000000001000-0x0000000000ffffff]
[    0.000000]   DMA32    [mem 0x0000000001000000-0x000000003ffeffff]
[    0.000000]   Normal   empty
[    0.000000]   Device   empty
[    0.000000] Movable zone start for each node
[    0.000000] Early memory node ranges
[    0.000000]   node   0: [mem 0x0000000000001000-0x000000000009efff]
[    0.000000]   node   0: [mem 0x0000000000100000-0x000000003ffeffff]
[    0.000000] Initmem setup node 0 [mem 0x0000000000001000-0x000000003ffeffff]
[    0.000000] ACPI: PM-Timer IO Port: 0x4008
[    0.000000] IOAPIC[0]: apic_id 2, version 32, address 0xfec00000, GSI 0-23
[    0.000000] ACPI: INT_SRC_OVR (bus 0 bus_irq 0 global_irq 2 dfl dfl)
[    0.000000] ACPI: INT_SRC_OVR (bus 0 bus_irq 9 global_irq 9 low level)
[    0.000000] Using ACPI (MADT) for SMP configuration information
[    0.000000] smpboot: Allowing 2 CPUs, 0 hotplug CPUs
[    0.000000] PM: Registered nosave memory: [mem 0x00000000-0x00000fff]
[    0.000000] PM: Registered nosave memory: [mem 0x0009f000-0x0009ffff]
[    0.000000] PM: Registered nosave memory: [mem 0x000a0000-0x000effff]
[    0.000000] PM: Registered nosave memory: [mem 0x000f0000-0x000fffff]
[    0.000000] e820: [mem 0x40000000-0xfebfffff] available for PCI devices
[    0.000000] Booting paravirtualized kernel on KVM
[    0.000000] clocksource: refined-jiffies: mask: 0xffffffff max_cycles: 0xffffffff, max_idle_ns: 7645519600211568 ns
[    0.000000] setup_percpu: NR_CPUS:512 nr_cpumask_bits:512 nr_cpu_ids:2 nr_node_ids:1
[    0.000000] PERCPU: Embedded 33 pages/cpu @ffff88003fc00000 s95512 r8192 d31464 u1048576
[    0.000000] Built 1 zonelists in Node order, mobility grouping on.  Total pages: 257912
[    0.000000] Policy zone: DMA32
[    0.000000] Kernel command line: BOOT_IMAGE=/boot/vmlinuz-4.4.0-190-generic root=LABEL=cloudimg-rootfs ro console=tty1 console=ttyS0
[    0.000000] PID hash table entries: 4096 (order: 3, 32768 bytes)
[    0.000000] Memory: 997664K/1048120K available (8636K kernel code, 1337K rwdata, 4040K rodata, 1492K init, 1296K bss, 50456K reserved, 0K cma-reserved)
[    0.000000] SLUB: HWalign=64, Order=0-3, MinObjects=0, CPUs=2, Nodes=1
[    0.000000] Kernel/User page tables isolation: enabled
[    0.000000] Hierarchical RCU implementation.
[    0.000000] 	Build-time adjustment of leaf fanout to 64.
[    0.000000] 	RCU restricting CPUs from NR_CPUS=512 to nr_cpu_ids=2.
[    0.000000] RCU: Adjusting geometry for rcu_fanout_leaf=64, nr_cpu_ids=2
[    0.000000] NR_IRQS:33024 nr_irqs:440 16
[    0.000000] Console: colour VGA+ 80x25
[    0.000000] console [tty1] enabled
[    0.000000] console [ttyS0] enabled
[    0.000000] tsc: Detected 3092.974 MHz processor
[    0.333730] Calibrating delay loop (skipped) preset value.. 6185.94 BogoMIPS (lpj=12371896)
[    0.337382] pid_max: default: 32768 minimum: 301
[    0.339376] ACPI: Core revision 20150930
[    0.345125] ACPI: 2 ACPI AML tables successfully acquired and loaded
[    0.347958] Security Framework initialized
[    0.349864] Yama: becoming mindful.
[    0.351647] AppArmor: AppArmor initialized
[    0.353740] Dentry cache hash table entries: 131072 (order: 8, 1048576 bytes)
[    0.359142] Inode-cache hash table entries: 65536 (order: 7, 524288 bytes)
[    0.362148] Mount-cache hash table entries: 2048 (order: 2, 16384 bytes)
[    0.364644] Mountpoint-cache hash table entries: 2048 (order: 2, 16384 bytes)
[    0.367608] Initializing cgroup subsys io
[    0.369423] Initializing cgroup subsys memory
[    0.371253] Initializing cgroup subsys devices
[    0.373168] Initializing cgroup subsys freezer
[    0.375031] Initializing cgroup subsys net_cls
[    0.376984] Initializing cgroup subsys perf_event
[    0.379274] Initializing cgroup subsys net_prio
[    0.381414] Initializing cgroup subsys hugetlb
[    0.383386] Initializing cgroup subsys pids
[    0.385391] mce: CPU supports 0 MCE banks
[    0.387138] Last level iTLB entries: 4KB 512, 2MB 8, 4MB 8
[    0.389337] Last level dTLB entries: 4KB 512, 2MB 32, 4MB 32, 1GB 0
[    0.391811] Spectre V1 : Mitigation: usercopy/swapgs barriers and __user pointer sanitization
[    0.396265] Spectre V2 : Mitigation: Full generic retpoline
[    0.398444] Spectre V2 : Spectre v2 / SpectreRSB mitigation: Filling RSB on context switch
[    0.401995] Speculative Store Bypass: Vulnerable
[    0.404109] MDS: Vulnerable: Clear CPU buffers attempted, no microcode
[    0.412582] Freeing SMP alternatives memory: 36K
[    0.426620] ftrace: allocating 32339 entries in 127 pages
[    0.549880] smpboot: APIC(0) Converting physical 0 to logical package 0
[    0.552489] smpboot: Max logical packages: 1
[    0.555014] x2apic enabled
[    0.557150] Switched APIC routing to physical x2apic.
[    0.562146] ..TIMER: vector=0x30 apic1=0 pin1=2 apic2=-1 pin2=-1
[    0.673361] smpboot: CPU0: Intel(R) Core(TM) i5-2400 CPU @ 3.10GHz (family: 0x6, model: 0x2a, stepping: 0x7)
[    0.678182] Performance Events: unsupported p6 CPU model 42 no PMU driver, software events only.
[    0.700189] KVM setup paravirtual spinlock
[    0.703163] x86: Booting SMP configuration:
[    0.705326] .... node  #0, CPUs:      #1
[    0.707236] kvm-clock: cpu 1, msr 0:3ffe3041, secondary cpu clock
[    0.708723] mce: CPU supports 0 MCE banks
[    0.711632] x86: Booted up 1 node, 2 CPUs
[    0.713994] smpboot: Total of 2 processors activated (12371.89 BogoMIPS)
[    0.717400] devtmpfs: initialized
[    0.730831] evm: security.selinux
[    0.732493] evm: security.SMACK64
[    0.734521] evm: security.SMACK64EXEC
[    0.736320] evm: security.SMACK64TRANSMUTE
[    0.738206] evm: security.SMACK64MMAP
[    0.740039] evm: security.ima
[    0.741673] evm: security.capability
[    0.743744] clocksource: jiffies: mask: 0xffffffff max_cycles: 0xffffffff, max_idle_ns: 7645041785100000 ns
[    0.747663] futex hash table entries: 512 (order: 3, 32768 bytes)
[    0.750263] pinctrl core: initialized pinctrl subsystem
[    0.753331] RTC time: 15:29:57, date: 09/29/20
[    0.755847] NET: Registered protocol family 16
[    0.771068] cpuidle: using governor ladder
[    0.782803] cpuidle: using governor menu
[    0.784625] PCCT header not found.
[    0.786567] ACPI: bus type PCI registered
[    0.788490] acpiphp: ACPI Hot Plug PCI Controller Driver version: 0.5
[    0.791425] PCI: Using configuration type 1 for base access
[    0.807443] ACPI: Added _OSI(Module Device)
[    0.809422] ACPI: Added _OSI(Processor Device)
[    0.811341] ACPI: Added _OSI(3.0 _SCP Extensions)
[    0.813333] ACPI: Added _OSI(Processor Aggregator Device)
[    0.817508] ACPI: Executed 1 blocks of module-level executable AML code
[    0.826078] ACPI: Interpreter enabled
[    0.827817] ACPI: (supports S0 S5)
[    0.829594] ACPI: Using IOAPIC for interrupt routing
[    0.832402] PCI: Using host bridge windows from ACPI; if necessary, use "pci=nocrs" and report a bug
[    0.847423] ACPI: PCI Root Bridge [PCI0] (domain 0000 [bus 00-ff])
[    0.850988] acpi PNP0A03:00: _OSC: OS supports [ASPM ClockPM Segments MSI]
[    0.854648] acpi PNP0A03:00: _OSC: not requesting OS control; OS requires [ExtendedConfig ASPM ClockPM MSI]
[    0.858190] acpi PNP0A03:00: fail to add MMCONFIG information, can't access extended PCI configuration space under this bridge.
[    0.863519] PCI host bridge to bus 0000:00
[    0.865348] pci_bus 0000:00: root bus resource [io  0x0000-0x0cf7 window]
[    0.867943] pci_bus 0000:00: root bus resource [io  0x0d00-0xffff window]
[    0.870562] pci_bus 0000:00: root bus resource [mem 0x000a0000-0x000bffff window]
[    0.874124] pci_bus 0000:00: root bus resource [mem 0x40000000-0xfdffffff window]
[    0.877616] pci_bus 0000:00: root bus resource [bus 00-ff]
[    0.883161] pci 0000:00:01.1: legacy IDE quirk: reg 0x10: [io  0x01f0-0x01f7]
[    0.885879] pci 0000:00:01.1: legacy IDE quirk: reg 0x14: [io  0x03f6]
[    0.888421] pci 0000:00:01.1: legacy IDE quirk: reg 0x18: [io  0x0170-0x0177]
[    0.891143] pci 0000:00:01.1: legacy IDE quirk: reg 0x1c: [io  0x0376]
[    0.939529] pci 0000:00:07.0: quirk: [io  0x4000-0x403f] claimed by PIIX4 ACPI
[    0.942925] pci 0000:00:07.0: quirk: [io  0x4100-0x410f] claimed by PIIX4 SMB
[    0.953505] ACPI: PCI Interrupt Link [LNKA] (IRQs 5 9 10 *11)
[    0.957024] ACPI: PCI Interrupt Link [LNKB] (IRQs 5 9 *10 11)
[    0.960139] ACPI: PCI Interrupt Link [LNKC] (IRQs 5 *9 10 11)
[    0.963263] ACPI: PCI Interrupt Link [LNKD] (IRQs 5 9 10 *11)
[    0.966493] ACPI: Enabled 2 GPEs in block 00 to 07
[    0.969391] vgaarb: setting as boot device: PCI:0000:00:02.0
[    0.971922] vgaarb: device added: PCI:0000:00:02.0,decodes=io+mem,owns=io+mem,locks=none
[    0.975804] vgaarb: loaded
[    0.977313] vgaarb: bridge control possible 0000:00:02.0
[    0.980138] SCSI subsystem initialized
[    0.982133] ACPI: bus type USB registered
[    0.983933] usbcore: registered new interface driver usbfs
[    0.986381] usbcore: registered new interface driver hub
[    0.988734] usbcore: registered new device driver usb
[    0.991397] PCI: Using ACPI for IRQ routing
[    0.995629] NetLabel: Initializing
[    0.997278] NetLabel:  domain hash size = 128
[    0.999269] NetLabel:  protocols = UNLABELED CIPSOv4
[    1.001724] NetLabel:  unlabeled traffic allowed by default
[    1.004433] amd_nb: Cannot enumerate AMD northbridges
[    1.006824] clocksource: Switched to clocksource kvm-clock
[    1.027552] AppArmor: AppArmor Filesystem Enabled
[    1.029859] pnp: PnP ACPI init
[    1.033696] pnp: PnP ACPI: found 3 devices
[    1.048048] clocksource: acpi_pm: mask: 0xffffff max_cycles: 0xffffff, max_idle_ns: 2085701024 ns
[    1.052236] NET: Registered protocol family 2
[    1.054422] TCP established hash table entries: 8192 (order: 4, 65536 bytes)
[    1.057098] TCP bind hash table entries: 8192 (order: 5, 131072 bytes)
[    1.059544] TCP: Hash tables configured (established 8192 bind 8192)
[    1.061979] UDP hash table entries: 512 (order: 2, 16384 bytes)
[    1.064602] UDP-Lite hash table entries: 512 (order: 2, 16384 bytes)
[    1.067317] NET: Registered protocol family 1
[    1.069233] pci 0000:00:00.0: Limiting direct PCI/PCI transfers
[    1.071546] pci 0000:00:01.0: Activating ISA DMA hang workarounds
[    1.074134] Unpacking initramfs...
[    1.564188] Freeing initrd memory: 14880K
[    1.566396] RAPL PMU detected, API unit is 2^-32 Joules, 3 fixed counters 10737418240 ms ovfl timer
[    1.570343] hw unit of domain pp0-core 2^-0 Joules
[    1.572397] hw unit of domain package 2^-0 Joules
[    1.574529] hw unit of domain pp1-gpu 2^-0 Joules
[    1.576661] clocksource: tsc: mask: 0xffffffffffffffff max_cycles: 0x2c955ac38be, max_idle_ns: 440795348546 ns
[    1.580713] platform rtc_cmos: registered platform RTC device (no PNP device found)
[    1.584573] Scanning for low memory corruption every 60 seconds
[    1.587657] audit: initializing netlink subsys (disabled)
[    1.590035] audit: type=2000 audit(1601393404.077:1): initialized
[    1.593215] Initialise system trusted keyring
[    1.595536] HugeTLB registered 2 MB page size, pre-allocated 0 pages
[    1.601580] zbud: loaded
[    1.603456] VFS: Disk quotas dquot_6.6.0
[    1.605376] VFS: Dquot-cache hash table entries: 512 (order 0, 4096 bytes)
[    1.608574] squashfs: version 4.0 (2009/01/31) Phillip Lougher
[    1.611639] fuse init (API version 7.23)
[    1.613676] Key type big_key registered
[    1.615520] Allocating IMA MOK and blacklist keyrings.
[    1.620175] Key type asymmetric registered
[    1.622029] Asymmetric key parser 'x509' registered
[    1.624138] Block layer SCSI generic (bsg) driver version 0.4 loaded (major 249)
[    1.627733] io scheduler noop registered
[    1.630440] io scheduler deadline registered (default)
[    1.632722] io scheduler cfq registered
[    1.634646] pci_hotplug: PCI Hot Plug PCI Core version: 0.5
[    1.636916] pciehp: PCI Express Hot Plug Controller Driver version: 0.4
[    1.639617] ACPI: AC Adapter [AC] (on-line)
[    1.641903] input: Power Button as /devices/LNXSYSTM:00/LNXPWRBN:00/input/input0
[    1.645291] ACPI: Power Button [PWRF]
[    1.647086] input: Sleep Button as /devices/LNXSYSTM:00/LNXSLPBN:00/input/input1
[    1.650329] ACPI: Sleep Button [SLPF]
[    1.652641] GHES: HEST is not enabled!
[    1.654473] Serial: 8250/16550 driver, 32 ports, IRQ sharing enabled
[    1.678360] 00:02: ttyS0 at I/O 0x3f8 (irq = 4, base_baud = 115200) is a 16550A
[    1.684036] Linux agpgart interface v0.103
[    1.688102] loop: module loaded
[    1.691022] scsi host0: ata_piix
[    1.692824] scsi host1: ata_piix
[    1.694495] ata1: PATA max UDMA/33 cmd 0x1f0 ctl 0x3f6 bmdma 0xd000 irq 14
[    1.697104] ata2: PATA max UDMA/33 cmd 0x170 ctl 0x376 bmdma 0xd008 irq 15
[    1.700150] libphy: Fixed MDIO Bus: probed
[    1.701952] tun: Universal TUN/TAP device driver, 1.6
[    1.704208] tun: (C) 1999-2004 Max Krasnyansky <maxk@qualcomm.com>
[    1.706678] PPP generic driver version 2.4.2
[    1.708766] ehci_hcd: USB 2.0 'Enhanced' Host Controller (EHCI) Driver
[    1.711296] ehci-pci: EHCI PCI platform driver
[    1.713178] ehci-platform: EHCI generic platform driver
[    1.715276] ohci_hcd: USB 1.1 'Open' Host Controller (OHCI) Driver
[    1.717808] ohci-pci: OHCI PCI platform driver
[    1.720079] ohci-platform: OHCI generic platform driver
[    1.722218] uhci_hcd: USB Universal Host Controller Interface driver
[    1.724862] i8042: PNP: PS/2 Controller [PNP0303:PS2K,PNP0f03:PS2M] at 0x60,0x64 irq 1,12
[    1.729050] serio: i8042 KBD port at 0x60,0x64 irq 1
[    1.731069] serio: i8042 AUX port at 0x60,0x64 irq 12
[    1.733357] mousedev: PS/2 mouse device common for all mice
[    1.736366] rtc_cmos rtc_cmos: rtc core: registered rtc_cmos as rtc0
[    1.739131] input: AT Translated Set 2 keyboard as /devices/platform/i8042/serio0/input/input2
[    1.743214] rtc_cmos rtc_cmos: alarms up to one day, 114 bytes nvram
[    1.745642] i2c /dev entries driver
[    1.747445] device-mapper: uevent: version 1.0.3
[    1.749517] device-mapper: ioctl: 4.34.0-ioctl (2015-10-28) initialised: dm-devel@redhat.com
[    1.753303] ledtrig-cpu: registered to indicate activity on CPUs
[    1.756367] NET: Registered protocol family 10
[    1.758604] NET: Registered protocol family 17
[    1.760575] Key type dns_resolver registered
[    1.762952] registered taskstats version 1
[    1.764764] Loading compiled-in X.509 certificates
[    1.767743] Loaded X.509 cert 'Build time autogenerated kernel key: b89e9ea735e1dbde81c7786f041ecf1d53e71c2e'
[    1.771759] zswap: loaded using pool lzo/zbud
[    1.777170] Key type trusted registered
[    1.785613] Key type encrypted registered
[    1.787394] AppArmor: AppArmor sha1 policy hashing enabled
[    1.789629] ima: No TPM chip found, activating TPM-bypass!
[    1.791845] ima: Allocated hash algorithm: sha1
[    1.793783] evm: HMAC attrs: 0x1
[    1.795886]   Magic number: 4:715:488
[    1.797803] regulator regulator.0: hash matches
[    1.799882] rtc_cmos rtc_cmos: setting system clock to 2020-09-29 15:29:58 UTC (1601393398)
[    1.803610] BIOS EDD facility v0.16 2004-Jun-25, 0 devices found
[    1.805892] EDD information not available.
[    1.887392] Freeing unused kernel memory: 1492K
[    1.889350] Write protecting the kernel read-only data: 14336k
[    1.892904] Freeing unused kernel memory: 1592K
[    1.895315] Freeing unused kernel memory: 56K
Loading, please wait...
starting version 229
[    1.922476] random: systemd-udevd: uninitialized urandom read (16 bytes read, 2 bits of entropy available)
[    1.923887] random: udevadm: uninitialized urandom read (16 bytes read, 2 bits of entropy available)
[    1.923928] random: udevadm: uninitialized urandom read (16 bytes read, 2 bits of entropy available)
[    1.934968] random: systemd-udevd: uninitialized urandom read (16 bytes read, 2 bits of entropy available)
[    1.939928] random: systemd-udevd: uninitialized urandom read (16 bytes read, 2 bits of entropy available)
[    1.947210] random: systemd-udevd: uninitialized urandom read (16 bytes read, 2 bits of entropy available)
[    1.948364] random: udevadm: uninitialized urandom read (16 bytes read, 2 bits of entropy available)
[    1.948489] random: udevadm: uninitialized urandom read (16 bytes read, 2 bits of entropy available)
[    1.948839] random: udevadm: uninitialized urandom read (16 bytes read, 2 bits of entropy available)
[    1.948965] random: udevadm: uninitialized urandom read (16 bytes read, 2 bits of entropy available)
[    2.042924] Fusion MPT base driver 3.04.20
[    2.044878] Copyright (c) 1999-2008 LSI Corporation
[    2.047245] e1000: Intel(R) PRO/1000 Network Driver - version 7.3.21-k8-NAPI
[    2.049869] e1000: Copyright (c) 1999-2006 Intel Corporation.
[    2.100275] Fusion MPT SPI Host driver 3.04.20
[    2.103957] AVX version of gcm_enc/dec engaged.
[    2.105929] AES CTR mode by8 optimization enabled
[    2.267755] input: ImExPS/2 Generic Explorer Mouse as /devices/platform/i8042/serio1/input/input4
[    2.525247] e1000 0000:00:03.0 eth0: (PCI:33MHz:32-bit) 02:83:3c:85:18:ff
[    2.528095] e1000 0000:00:03.0 eth0: Intel(R) PRO/1000 Network Connection
[    2.532510] mptbase: ioc0: Initiating bringup
[    2.533886] e1000 0000:00:03.0 enp0s3: renamed from eth0
[    2.607443] ioc0: LSI53C1030 A0: Capabilities={Initiator}
[    2.769352] scsi host2: ioc0: LSI53C1030 A0, FwRev=00000000h, Ports=1, MaxQ=256, IRQ=20
[    2.884604] scsi 2:0:0:0: Direct-Access     VBOX     HARDDISK         1.0  PQ: 0 ANSI: 5
[    2.888254] scsi target2:0:0: Beginning Domain Validation
[    2.892683] scsi target2:0:0: Domain Validation skipping write tests
[    2.895113] scsi target2:0:0: Ending Domain Validation
[    2.897361] scsi target2:0:0: asynchronous
[    2.899780] scsi 2:0:1:0: Direct-Access     VBOX     HARDDISK         1.0  PQ: 0 ANSI: 5
[    2.930595] scsi target2:0:1: Beginning Domain Validation
[    2.935113] scsi target2:0:1: Domain Validation skipping write tests
[    2.937483] scsi target2:0:1: Ending Domain Validation
[    2.939624] scsi target2:0:1: asynchronous
[    2.949560] sd 2:0:0:0: [sda] 20971520 512-byte logical blocks: (10.7 GB/10.0 GiB)
[    2.950044] sd 2:0:0:0: Attached scsi generic sg0 type 0
[    2.956001] sd 2:0:0:0: [sda] Write Protect is off
[    2.956528] sd 2:0:1:0: Attached scsi generic sg1 type 0
[    2.956641] sd 2:0:1:0: [sdb] 20480 512-byte logical blocks: (10.5 MB/10.0 MiB)
[    2.957023] sd 2:0:1:0: [sdb] Write Protect is off
[    2.957162] sd 2:0:1:0: [sdb] Incomplete mode parameter data
[    2.957165] sd 2:0:1:0: [sdb] Assuming drive cache: write through
[    2.970694] sd 2:0:0:0: [sda] Incomplete mode parameter data
[    2.973097] sd 2:0:0:0: [sda] Assuming drive cache: write through
[    2.974059] sd 2:0:1:0: [sdb] Attached SCSI disk
[    2.979711]  sda: sda1
[    2.982344] sd 2:0:0:0: [sda] Attached SCSI disk
Begin: Loading essential drivers ... [    4.951892] md: linear personality registered for level -1
[    4.959028] md: multipath personality registered for level -4
[    4.965741] md: raid0 personality registered for level 0
[    4.974718] md: raid1 personality registered for level 1
[    5.051611] raid6: sse2x1   gen()  2439 MB/s
[    5.123853] raid6: sse2x1   xor()  1584 MB/s
[    5.195100] raid6: sse2x2   gen()  4294 MB/s
[    5.263434] raid6: sse2x2   xor()  2981 MB/s
[    5.330832] raid6: sse2x4   gen()  6899 MB/s
[    5.400146] raid6: sse2x4   xor()  4023 MB/s
[    5.402192] raid6: using algorithm sse2x4 gen() 6899 MB/s
[    5.404374] raid6: .... xor() 4023 MB/s, rmw enabled
[    5.406553] raid6: using ssse3x2 recovery algorithm
[    5.410895] xor: automatically using best checksumming function:
[    5.450936]    avx       : 17027.000 MB/sec
[    5.454874] async_tx: api initialized (async)
[    5.474554] md: raid6 personality registered for level 6
[    5.476912] md: raid5 personality registered for level 5
[    5.479088] md: raid4 personality registered for level 4
[    5.494753] md: raid10 personality registered for level 10
done.
Begin: Running /scripts/init-premount ... done.
Begin: Mounting root file system ... Begin: Running /scripts/local-top ... done.
Begin: Running /scripts/local-premount ... [    5.566392] Btrfs loaded
Scanning for Btrfs filesystems
done.
Warning: fsck not present, so skipping root file system
[    5.627339] EXT4-fs (sda1): mounted filesystem with ordered data mode. Opts: (null)
done.
Begin: Running /scripts/local-bottom ... done.
Begin: Running /scripts/init-bottom ... done.
[    5.868496] systemd[1]: systemd 229 running in system mode. (+PAM +AUDIT +SELINUX +IMA +APPARMOR +SMACK +SYSVINIT +UTMP +LIBCRYPTSETUP +GCRYPT +GNUTLS +ACL +XZ -LZ4 +SECCOMP +BLKID +ELFUTILS +KMOD -IDN)
[    5.876300] systemd[1]: Detected virtualization oracle.
[    5.878615] systemd[1]: Detected architecture x86-64.

Welcome to [1mUbuntu 16.04.7 LTS[0m!

[    5.887400] systemd[1]: Set hostname to <ubuntu-xenial>.
[    6.170943] systemd[1]: Reached target User and Group Name Lookups.
[[0;32m  OK  [0m] Reached target User and Group Name Lookups.
[    6.175151] systemd[1]: Listening on udev Kernel Socket.
[[0;32m  OK  [0m] Listening on udev Kernel Socket.
[    6.179555] systemd[1]: Created slice User and Session Slice.
[[0;32m  OK  [0m] Created slice User and Session Slice.
[    6.183387] systemd[1]: Started Trigger resolvconf update for networkd DNS.
[[0;32m  OK  [0m] Started Trigger resolvconf update for networkd DNS.
[    6.187698] systemd[1]: Listening on Journal Socket (/dev/log).
[[0;32m  OK  [0m] Listening on Journal Socket (/dev/log).
[    6.191715] systemd[1]: Reached target Encrypted Volumes.
[[0;32m  OK  [0m] Reached target Encrypted Volumes.
[    6.195445] systemd[1]: Listening on /dev/initctl Compatibility Named Pipe.
[[0;32m  OK  [0m] Listening on /dev/initctl Compatibility Named Pipe.
[    6.199876] systemd[1]: Set up automount Arbitrary Executable File Formats File System Automount Point.
[[0;32m  OK  [0m] Set up automount Arbitrary Executab...ats File System Automount Point.
[    6.205558] systemd[1]: Listening on LVM2 metadata daemon socket.
[[0;32m  OK  [0m] Listening on LVM2 metadata daemon socket.
[    6.209557] systemd[1]: Listening on Journal Audit Socket.
[[0;32m  OK  [0m] Listening on Journal Audit Socket.
[    6.219858] systemd[1]: Listening on Syslog Socket.
[[0;32m  OK  [0m] Listening on Syslog Socket.
[    6.231514] systemd[1]: Listening on Journal Socket.
[[0;32m  OK  [0m] Listening on Journal Socket.
[    6.235465] systemd[1]: Listening on Device-mapper event daemon FIFOs.
[[0;32m  OK  [0m] Listening on Device-mapper event daemon FIFOs.
[    6.239607] systemd[1]: Listening on udev Control Socket.
[[0;32m  OK  [0m] Listening on udev Control Socket.
[    6.243185] systemd[1]: Started Forward Password Requests to Wall Directory Watch.
[[0;32m  OK  [0m] Started Forward Password Requests to Wall Directory Watch.
[    6.248388] systemd[1]: Listening on LVM2 poll daemon socket.
[[0;32m  OK  [0m] Listening on LVM2 poll daemon socket.
[    6.252333] systemd[1]: Reached target Swap.
[[0;32m  OK  [0m] Reached target Swap.
[    6.256123] systemd[1]: Created slice System Slice.
[[0;32m  OK  [0m] Created slice System Slice.
[    6.275511] systemd[1]: Starting Uncomplicated firewall...
         Starting Uncomplicated firewall...
[    6.287900] systemd[1]: Created slice system-serial\x2dgetty.slice.
[[0;32m  OK  [0m] Created slice system-serial\x2dgetty.slice.
[    6.307499] systemd[1]: Mounting Huge Pages File System...
         Mounting Huge Pages File System...
[    6.312769] systemd[1]: Starting Remount Root and Kernel File Systems...
         Starting Remount Root and Kernel File Systems...
[    6.317555] systemd[1]: Reached target Slices.
[[0;32m  OK  [0m] Reached target Slices.
[    6.323444] systemd[1]: Mounting POSIX Message Queue File System...
         Mounting POSIX Message Queue File System...
[    6.328840] EXT4-fs (sda1): re-mounted. Opts: (null)
[    6.330180] systemd[1]: Starting Create list of required static device nodes for the current kernel...
         Starting Create list of required st... nodes for the current kernel...
[    6.339313] systemd[1]: Starting Monitoring of LVM2 mirrors, snapshots etc. using dmeventd or progress polling...
         Starting Monitoring of LVM2 mirrors... dmeventd or progress polling...
[    6.350701] systemd[1]: Starting Load Kernel Modules...
         Starting Load Kernel Modules...
[    6.355897] systemd[1]: Starting Nameserver information manager...
         Starting Nameserver information manager...
[    6.366590] systemd[1]: Starting Journal Service...
         Starting Journal Service...
[    6.371729] systemd[1]: Starting Set console keymap...
         Starting Set console keymap...
[    6.376849] systemd[1]: Mounting Debug File System...
         Mounting Debug File System...
[    6.381725] systemd[1]: Reached target System Time Synchronized.
[    6.382465] Loading iSCSI transport class v2.0-870.
[[0;32m  OK  [0m] Reached target System Time Synchronized.
[    6.400588] systemd[1]: Mounted Debug File System.
[[0;32m  OK  [0m] Mounted Debug File System.
[    6.404355] systemd[1]: Mounted Huge Pages File System.
[[0;32m  OK  [0m] Mounted Huge Pages File System.
[    6.408043] systemd[1]: Mounted POSIX Message Queue File System.
[[0;32m  OK  [0m] Mounted POSIX Me[    6.412258] iscsi: registered transport (tcp)
ssage Queue File System.
[    6.415404] systemd[1]: Started Uncomplicated firewall.
[[0;32m  OK  [0m] Started Uncomplicated firewall.
[    6.422855] systemd[1]: Started Remount Root and Kernel File Systems.
[[0;32m  OK  [0m] Started Remount Root and Kernel File Systems.
[    6.429006] systemd[1]: Started Create list of required static device nodes for the current kernel.
[[0;32m  OK  [0m] Started Create list of required sta...ce nodes for the current kernel.
[    6.450416] systemd[1]: Started Nameserver information manager.
[[0;32m  OK  [0m] Started Nameserver information manager.
[    6.465250] systemd[1]: Started LVM2 metadata daemon.
[[0;32m  OK  [0m] Started LVM2 metadata daemon.
[    6.472556] systemd[1]: Starting Create Static Device Nodes in /dev...
         Starting Create Static Device Nodes in /dev...
[    6.479410] systemd[1]: Starting Load/Save Random Seed...
         Starting Load/Save Random Seed...
[    6.490172] systemd[1]: Starting udev Coldplug all Devices...
         Starting udev Coldplug all Devices...
[    6.494114] systemd[1]: Started Journal Service.
[[0;32m  OK  [0m] Started Journal Service.
[[0;32m  OK  [0m] Started Load/Save Random Seed.
         Starting Flush Journal to Persistent Storage...
[[0;32m  OK  [0m] Started Create Static Device Nodes in /dev.
         Starting udev Kernel Device Manager...
[    6.533922] systemd-journald[398]: Received request to flush runtime journal from PID 1
[[0;32m  OK  [0m] Started Flush Journal to Persistent Storage.
[    6.568502] iscsi: registered transport (iser)
[[0;32m  OK  [0m] Started Load Kernel Modules.
         Starting Apply Kernel Variables...
         Mounting FUSE Control File System...
[[0;32m  OK  [0m] Started Apply Kernel Variables.
[[0;32m  OK  [0m] Mounted FUSE Control File System.
[[0;32m  OK  [0m] Started udev Kernel Device Manager.
[[0;32m  OK  [0m] Started udev Coldplug all Devices.
[[0;32m  OK  [0m] Started Set console keymap.
[[0;32m  OK  [0m] Started Dispatch Password Requests to Console Directory Watch.
[[0;32m  OK  [0m] Found device /dev/ttyS0.
[[0;32m  OK  [0m] Started Monitoring of LVM2 mirrors,...ng dmeventd or progress polling.
[[0;32m  OK  [0m] Reached target Local File Systems (Pre).
         Mounting /var/www...
         Mounting /vagrant...
[[0;32m  OK  [0m] Reached target Local File Systems.
         Starting LSB: AppArmor initialization...
         Starting Set console font and keymap...
         Starting Create Volatile Files and Directories...
         Starting Tell Plymouth To Write Out Runtime Data...
         Starting Initial cloud-init job (pre-networking)...
[[0;1;31mFAILED[0m] Failed to mount /var/www.
See 'systemctl status var-www.mount' for details.
[[0;1;31mFAILED[0m] Failed to mount /vagrant.
See 'systemctl status vagrant.mount' for details.
[[0;32m  OK  [0m] Started Tell Plymouth To Write Out Runtime Data.
[[0;32m  OK  [0m] Listening on Load/Save RF Kill Switch Status /dev/rfkill Watch.
[[0;32m  OK  [0m] Started Create Volatile Files and Directories.
         Starting Update UTMP about System Boot/Shutdown...
[[0;32m  OK  [0m] Started Update UTMP about System Boot/Shutdown.
[[0;32m  OK  [0m] Found device 82540EM Gigabit Ethern...r (PRO/1000 MT Desktop Adapter).
[[0;32m  OK  [0m] Started LSB: AppArmor initialization.
         Starting Load AppArmor profiles managed internally by snapd...
[[0;32m  OK  [0m] Started Load AppArmor profiles managed internally by snapd.
[    8.301415] cloud-init[537]: Cloud-init v. 20.3-2-g371b392c-0ubuntu1~16.04.1 running 'init-local' at Tue, 29 Sep 2020 15:30:04 +0000. Up 7.78 seconds.
[[0;32m  OK  [0m] Started Initial cloud-init job (pre-networking).
[[0;32m  OK  [0m] Reached target Network (Pre).
         Starting Raise network interfaces...
[[0;32m  OK  [0m] Started ifup for enp0s3.
[[0;32m  OK  [0m] Started Raise network interfaces.
[[0;32m  OK  [0m] Reached target Network.
         Starting Initial cloud-init job (metadata service crawler)...
[[0;32m  OK  [0m] Started Set console font and keymap.
[[0;32m  OK  [0m] Created slice system-getty.slice.
[   10.454302] cloud-init[986]: Cloud-init v. 20.3-2-g371b392c-0ubuntu1~16.04.1 running 'init' at Tue, 29 Sep 2020 15:30:07 +0000. Up 9.87 seconds.
[   10.458228] cloud-init[986]: ci-info: ++++++++++++++++++++++++++++++++++++++Net device info++++++++++++++++++++++++++++++++++++++
[   10.461730] cloud-init[986]: ci-info: +--------+------+----------------------------+---------------+--------+-------------------+
[   10.465835] cloud-init[986]: ci-info: | Device |  Up  |          Address           |      Mask     | Scope  |     Hw-Address    |
[   10.468833] cloud-init[986]: ci-info: +--------+------+----------------------------+---------------+--------+-------------------+
[   10.471860] cloud-init[986]: ci-info: | enp0s3 | True |         10.0.2.15          | 255.255.255.0 | global | 02:83:3c:85:18:ff |
[   10.475002] cloud-init[986]: ci-info: | enp0s3 | True | fe80::83:3cff:fe85:18ff/64 |       .       |  link  | 02:83:3c:85:18:ff |
[   10.477997] cloud-init[986]: ci-info: |   lo   | True |         127.0.0.1          |   255.0.0.0   |  host  |         .         |
[   10.481005] cloud-init[986]: ci-info: |   lo   | True |          ::1/128           |       .       |  host  |         .         |
[   10.485618] cloud-init[986]: ci-info: +--------+------+----------------------------+---------------+--------+-------------------+
[   10.488584] cloud-init[986]: ci-info: +++++++++++++++++++++++++++Route IPv4 info++++++++++++++++++++++++++++
[   10.491198] cloud-init[986]: ci-info: +-------+-------------+----------+---------------+-----------+-------+
[   10.493944] cloud-init[986]: ci-info: | Route | Destination | Gateway  |    Genmask    | Interface | Flags |
[   10.505035] cloud-init[986]: ci-info: +-------+-------------+----------+---------------+-----------+-------+
[   10.509559] cloud-init[986]: ci-info: |   0   |   0.0.0.0   | 10.0.2.2 |    0.0.0.0    |   enp0s3  |   UG  |
[   10.512325] cloud-init[986]: ci-info: |   1   |   10.0.2.0  | 0.0.0.0  | 255.255.255.0 |   enp0s3  |   U   |
[   10.515026] cloud-init[986]: ci-info: +-------+-------------+----------+---------------+-----------+-------+
[   10.517739] cloud-init[986]: ci-info: +++++++++++++++++++Route IPv6 info+++++++++++++++++++
[   10.520086] cloud-init[986]: ci-info: +-------+-------------+---------+-----------+-------+
[   10.522579] cloud-init[986]: ci-info: | Route | Destination | Gateway | Interface | Flags |
[   10.524869] cloud-init[986]: ci-info: +-------+-------------+---------+-----------+-------+
[   10.527211] cloud-init[986]: ci-info: |   0   |  fe80::/64  |    ::   |   enp0s3  |   U   |
[   10.529744] cloud-init[986]: ci-info: |   3   |   ff00::/8  |    ::   |   enp0s3  |   U   |
[   10.532112] cloud-init[986]: ci-info: +-------+-------------+---------+-----------+-------+
[[0;32m  OK  [0m] Started Initial cloud-init job (metadata service crawler).
[[0;32m  OK  [0m] Reached target Network is Online.
         Starting iSCSI initiator daemon (iscsid)...
[[0;32m  OK  [0m] Reached target Cloud-config availability.
[[0;32m  OK  [0m] Reached target System Initialization.
[[0;32m  OK  [0m] Listening on UUID daemon activation socket.
[[0;32m  OK  [0m] Started Daily apt download activities.
[[0;32m  OK  [0m] Started Daily apt upgrade and clean activities.
         Starting LXD - unix socket.
[[0;32m  OK  [0m] Listening on ACPID Listen Socket.
[[0;32m  OK  [0m] Started Message of the Day.
         Starting Socket activation for snappy daemon.
[[0;32m  OK  [0m] Started ACPI Events Check.
[[0;32m  OK  [0m] Reached target Paths.
[[0;32m  OK  [0m] Started Daily Cleanup of Temporary Directories.
[[0;32m  OK  [0m] Reached target Timers.
[[0;32m  OK  [0m] Listening on D-Bus System Message Bus Socket.
[[0;32m  OK  [0m] Listening on LXD - unix socket.
[[0;32m  OK  [0m] Listening on Socket activation for snappy daemon.
[[0;32m  OK  [0m] Reached target Sockets.
[[0;32m  OK  [0m] Reached target Basic System.
[[0;32m  OK  [0m] Started FUSE filesystem for LXC.
         Starting Accounts Service...
         Starting System Logging Service...
         Starting /etc/rc.local Compatibility...
[[0;32m  OK  [0m] Started Regular background program processing daemon.
[[0;32m  OK  [0m] Started D-Bus System Message Bus.
         Starting LSB: MD monitoring daemon...
         Starting LXD - container startup/shutdown...
         Starting LSB: Record successful boot for GRUB...
         Starting Virtualbox guest utils...
[[0;32m  OK  [0m] Started Deferred execution scheduler.
         Starting OpenBSD Secure Shell server...
         Starting Login Service...
         Starting Snap Daemon...
[[0;32m  OK  [0m] Started ACPI event daemon.
[[0;32m  OK  [0m] Started System Logging Service.
[[0;32m  OK  [0m] Started iSCSI initiator daemon (iscsid).
[[0;32m  OK  [0m] Started /etc/rc.local Compatibility.
         Starting Authenticate and Authorize Users to Run Privileged Tasks...
         Starting Login to default iSCSI targets...
[[0;32m  OK  [0m] Started Login Service.
[[0;32m  OK  [0m] Started Unattended Upgrades Shutdown.
[[0;32m  OK  [0m] Started LSB: Record successful boot for GRUB.
[[0;32m  OK  [0m] Started LSB: MD monitoring daemon.
[[0;32m  OK  [0m] Started Login to default iSCSI targets.
[[0;32m  OK  [0m] Reached target Remote File Systems (Pre).
[[0;32m  OK  [0m] Reached target Remote File Systems.
         Starting Permit User Sessions...
         Starting LSB: Apache2 web server...
         Starting LSB: daemon to balance interrupts for SMP systems...
         Starting LSB: Set the CPU Frequency Scaling governor to "ondemand"...
         Starting LSB: automatic crash report generation...
[[0;32m  OK  [0m] Started Permit User Sessions.
         Starting Hold until boot process finishes up...
         Starting Terminate Plymouth Boot Screen...
[[0;32m  OK  [0m] Started Authenticate and Authorize Users to Run Privileged Tasks.
[[0;32m  OK  [0m] Started Hold until boot process finishes up.
[[0;32m  OK  [0m] Started Terminate Plymouth Boot Screen.
[[0;32m  OK  [0m] Started OpenBSD Secure Shell server.
[[0;32m  OK  [0m] Started Accounts Service.
[[0;32m  OK  [0m] Started Getty on tty1.
[[0;32m  OK  [0m] Started Serial Getty on ttyS0.
[[0;32m  OK  [0m] Reached target Login Prompts.
         Starting Set console scheme...
[[0;32m  OK  [0m] Started LSB: Set the CPU Frequency Scaling governor to "ondemand".
[[0;32m  OK  [0m] Started Set console scheme.
[[0;32m  OK  [0m] Started LSB: automatic crash report generation.
[[0;32m  OK  [0m] Started LSB: daemon to balance interrupts for SMP systems.
[[0;32m  OK  [0m] Started Virtualbox guest utils.
[[0;32m  OK  [0m] Started LXD - container startup/shutdown.
[[0;32m  OK  [0m] Created slice User Slice of vagrant.
         Starting User Manager for UID 1000...
[[0;32m  OK  [0m] Started Session 1 of user vagrant.
[[0;32m  OK  [0m] Started User Manager for UID 1000.
[[0;32m  OK  [0m] Started Snap Daemon.
         Starting Wait until snapd is fully seeded...
[[0;32m  OK  [0m] Started Wait until snapd is fully seeded.
         Starting Apply the settings specified in cloud-config...
[   12.592469] cloud-init[1295]: Cloud-init v. 20.3-2-g371b392c-0ubuntu1~16.04.1 running 'modules:config' at Tue, 29 Sep 2020 15:30:09 +0000. Up 12.37 seconds.
[[0;32m  OK  [0m] Started Apply the settings specified in cloud-config.
[[0;32m  OK  [0m] Started LSB: Apache2 web server.
[[0;32m  OK  [0m] Reached target Multi-User System.
         Starting Execute cloud user/final scripts...
[[0;32m  OK  [0m] Reached target Graphical Interface.
         Starting Update UTMP about System Runlevel Changes...
[[0;32m  OK  [0m] Started Update UTMP about System Runlevel Changes.
[   13.708787] cloud-init[1413]: Cloud-init v. 20.3-2-g371b392c-0ubuntu1~16.04.1 running 'modules:final' at Tue, 29 Sep 2020 15:30:10 +0000. Up 13.45 seconds.
[   13.713393] cloud-init[1413]: Cloud-init v. 20.3-2-g371b392c-0ubuntu1~16.04.1 finished at Tue, 29 Sep 2020 15:30:10 +0000. Datasource DataSourceNoCloud [seed=/dev/sdb][dsmode=net].  Up 13.68 seconds
[[0;32m  OK  [0m] Started Execute cloud user/final scripts.
[[0;32m  OK  [0m] Reached target Cloud-init target.

Ubuntu 16.04.7 LTS ubuntu-xenial ttyS0

ubuntu-xenial login: 